TN:
SF:src\api\client.ts
FN:4,ApiRequestError
FN:13,apiFetch
FNF:2
FNH:2
FNDA:9,ApiRequestError
FNDA:39,apiFetch
DA:1,1
DA:3,1
DA:4,1
DA:5,9
DA:6,9
DA:7,9
DA:8,9
DA:9,9
DA:10,9
DA:11,1
DA:13,39
DA:14,39
DA:15,39
DA:16,39
DA:17,39
DA:19,39
DA:20,9
DA:21,9
DA:22,9
DA:24,25
DA:25,25
DA:26,25
LF:22
LH:22
BRDA:4,0,0,9
BRDA:13,1,0,39
BRDA:17,2,0,34
BRDA:19,3,0,9
BRDA:21,4,0,0
BRDA:22,5,0,25
BRF:6
BRH:5
end_of_record
TN:
SF:src\api\goalApi.ts
FN:5,list
FNF:1
FNH:1
FNDA:8,list
DA:1,1
DA:4,1
DA:5,1
DA:6,1
LF:4
LH:4
BRDA:5,0,0,8
BRF:1
BRH:1
end_of_record
TN:
SF:src\api\learningPathApi.ts
FN:5,get
FNF:1
FNH:1
FNDA:24,get
DA:1,1
DA:4,1
DA:5,1
DA:6,24
DA:7,1
LF:5
LH:5
BRDA:5,0,0,24
BRF:1
BRH:1
end_of_record
TN:
SF:src\api\userApi.ts
FN:5,setGoal
FN:11,markTopicKnown
FN:16,unmarkTopicKnown
FNF:3
FNH:3
FNDA:2,setGoal
FNDA:3,markTopicKnown
FNDA:2,unmarkTopicKnown
DA:1,1
DA:4,1
DA:5,1
DA:6,2
DA:7,2
DA:8,2
DA:9,2
DA:11,1
DA:12,3
DA:13,3
DA:14,3
DA:16,1
DA:17,2
DA:18,2
DA:19,2
DA:20,1
LF:16
LH:16
BRDA:5,0,0,2
BRDA:11,1,0,3
BRDA:16,2,0,2
BRF:3
BRH:3
end_of_record
TN:
SF:src\components\EmptyState.tsx
FN:7,EmptyState
FNF:1
FNH:1
FNDA:2,EmptyState
DA:7,1
DA:8,2
DA:9,2
DA:10,2
DA:11,2
DA:12,2
DA:13,2
DA:15,2
DA:16,2
DA:18,2
LF:10
LH:10
BRDA:7,0,0,2
BRF:1
BRH:1
end_of_record
TN:
SF:src\components\ErrorState.tsx
FN:6,ErrorState
FNF:1
FNH:1
FNDA:6,ErrorState
DA:6,1
DA:7,6
DA:8,6
DA:9,6
DA:10,6
DA:11,6
DA:12,6
DA:13,6
DA:15,6
DA:16,6
DA:17,6
DA:18,6
DA:19,6
DA:20,6
DA:21,6
DA:23,6
DA:25,6
DA:27,6
LF:18
LH:18
BRDA:6,0,0,6
BRF:1
BRH:1
end_of_record
TN:
SF:src\components\GoalCard.tsx
FN:9,GoalCard
FN:15,onClick
FNF:2
FNH:2
FNDA:8,GoalCard
FNDA:1,onClick
DA:9,1
DA:10,8
DA:11,8
DA:12,8
DA:13,8
DA:14,8
DA:15,8
DA:16,8
DA:17,8
DA:20,8
DA:22,8
DA:23,8
DA:24,8
DA:26,8
LF:14
LH:14
BRDA:9,0,0,8
BRDA:22,1,0,1
BRDA:22,2,0,7
BRDA:15,3,0,1
BRF:4
BRH:4
end_of_record
TN:
SF:src\components\LearningPathCard.tsx
FN:11,LearningPathCard
FN:49,onClick
FN:60,onClick
FNF:3
FNH:2
FNDA:27,LearningPathCard
FNDA:0,onClick
FNDA:1,onClick
DA:1,1
DA:11,1
DA:12,27
DA:13,27
DA:14,27
DA:15,27
DA:16,27
DA:17,27
DA:19,27
DA:20,27
DA:21,27
DA:22,27
DA:23,12
DA:24,15
DA:25,7
DA:26,8
DA:27,27
DA:29,27
DA:30,27
DA:31,27
DA:32,27
DA:34,27
DA:35,8
DA:36,8
DA:37,8
DA:38,8
DA:41,27
DA:42,7
DA:44,7
DA:47,27
DA:48,12
DA:49,12
DA:50,12
DA:51,12
DA:52,12
DA:53,12
DA:55,12
DA:58,27
DA:59,7
DA:60,7
DA:61,7
DA:62,7
DA:64,7
DA:66,7
DA:67,7
DA:69,27
DA:71,27
LF:47
LH:47
BRDA:11,0,0,27
BRDA:22,1,0,12
BRDA:23,2,0,15
BRDA:24,3,0,7
BRDA:25,4,0,8
BRDA:34,5,0,8
BRDA:34,6,0,8
BRDA:41,7,0,7
BRDA:41,8,0,7
BRDA:47,9,0,12
BRDA:47,10,0,12
BRDA:58,11,0,7
BRDA:58,12,0,7
BRDA:66,13,0,1
BRDA:66,14,0,6
BRDA:17,15,0,18
BRDA:37,16,0,8
BRDA:60,17,0,1
BRF:18
BRH:18
end_of_record
TN:
SF:src\components\LoadingState.tsx
FN:1,LoadingState
FNF:1
FNH:1
FNDA:26,LoadingState
DA:1,1
DA:2,26
DA:3,26
DA:4,26
DA:5,26
DA:6,26
DA:8,26
DA:9,26
DA:10,26
DA:12,26
LF:10
LH:10
BRDA:1,0,0,26
BRF:1
BRH:1
end_of_record
TN:
SF:src\components\Nav.tsx
FN:10,Nav
FN:24,className
FNF:2
FNH:2
FNDA:3,Nav
FNDA:12,className
DA:1,1
DA:3,1
DA:4,1
DA:5,1
DA:6,1
DA:7,1
DA:8,1
DA:10,1
DA:11,3
DA:12,3
DA:13,3
DA:14,3
DA:16,3
DA:17,3
DA:18,3
DA:19,3
DA:20,12
DA:21,12
DA:22,12
DA:23,12
DA:24,12
DA:25,12
DA:26,12
DA:27,3
DA:28,9
DA:29,12
DA:32,12
DA:33,12
DA:34,12
DA:35,3
DA:36,3
DA:37,3
DA:38,3
DA:39,3
DA:41,3
LF:35
LH:35
BRDA:10,0,0,3
BRDA:19,1,0,12
BRDA:24,2,0,12
BRDA:26,3,0,3
BRDA:27,4,0,9
BRF:5
BRH:5
end_of_record
TN:
SF:src\components\ProgressHeader.tsx
FN:7,ProgressHeader
FNF:1
FNH:1
FNDA:9,ProgressHeader
DA:7,1
DA:8,9
DA:10,9
DA:11,9
DA:12,9
DA:13,9
DA:14,9
DA:16,9
DA:17,9
DA:18,9
DA:19,9
DA:20,9
DA:21,9
DA:22,9
DA:23,9
DA:24,9
DA:25,9
DA:26,9
DA:27,9
DA:28,9
DA:29,9
DA:30,9
DA:31,9
DA:32,9
DA:33,9
DA:34,9
DA:35,9
DA:36,9
DA:37,9
DA:38,9
DA:40,9
DA:41,9
DA:42,9
DA:43,9
DA:44,9
DA:45,9
DA:46,9
DA:48,9
LF:38
LH:38
BRDA:7,0,0,9
BRDA:8,1,0,0
BRF:2
BRH:1
end_of_record
TN:
SF:src\components\StatusBadge.tsx
FN:18,StatusBadge
FNF:1
FNH:1
FNDA:31,StatusBadge
DA:3,1
DA:4,1
DA:5,1
DA:6,1
DA:7,1
DA:8,1
DA:9,1
DA:10,1
DA:11,1
DA:12,1
DA:13,1
DA:14,1
DA:15,1
DA:16,1
DA:18,1
DA:19,31
DA:20,31
DA:21,31
DA:22,31
DA:23,31
DA:24,31
DA:25,31
DA:27,31
LF:23
LH:23
BRDA:18,0,0,31
BRDA:22,1,0,8
BRDA:23,2,0,16
BRF:3
BRH:3
end_of_record
TN:
SF:src\context\UserContext.tsx
FN:11,UserProvider
FN:20,useUser
FNF:2
FNH:2
FNDA:28,UserProvider
FNDA:54,useUser
DA:1,1
DA:8,1
DA:11,1
DA:12,28
DA:13,28
DA:14,28
DA:15,28
DA:16,28
DA:18,28
DA:20,1
DA:21,54
DA:22,54
DA:23,54
DA:24,54
LF:14
LH:14
BRDA:11,0,0,28
BRDA:20,1,0,54
BRDA:22,2,0,0
BRF:3
BRH:2
end_of_record
TN:
SF:src\pages\DashboardPage.tsx
FN:8,DashboardPage
FNF:1
FNH:1
FNDA:7,DashboardPage
DA:1,1
DA:2,1
DA:3,1
DA:4,1
DA:5,1
DA:8,1
DA:9,7
DA:10,7
DA:11,7
DA:13,7
DA:14,4
DA:15,4
DA:16,4
DA:17,4
DA:18,4
DA:19,7
DA:21,7
DA:23,3
DA:24,7
DA:25,7
DA:27,7
DA:28,7
DA:29,7
DA:30,7
DA:31,7
DA:32,2
DA:33,1
DA:34,7
DA:36,7
DA:37,2
DA:38,2
DA:39,2
DA:40,2
DA:41,2
DA:42,2
DA:43,2
DA:44,2
DA:45,2
DA:47,2
DA:48,2
DA:50,2
DA:51,2
DA:52,1
DA:53,1
DA:54,1
DA:55,0
DA:56,1
DA:58,1
DA:59,1
DA:60,1
DA:61,1
DA:62,1
DA:63,1
DA:64,1
DA:66,2
DA:68,2
DA:69,2
DA:70,2
DA:72,2
DA:74,2
DA:75,2
DA:77,1
DA:78,1
DA:79,1
DA:81,1
DA:83,1
DA:85,7
DA:87,7
LF:68
LH:67
BRDA:8,0,0,7
BRDA:21,1,0,4
BRDA:21,2,0,3
BRDA:24,3,0,2
BRDA:24,4,0,1
BRDA:25,5,0,2
BRDA:25,6,0,1
BRDA:31,7,0,2
BRDA:32,8,0,1
BRDA:36,9,0,2
BRDA:51,10,0,1
BRDA:54,11,0,0
BRDA:56,12,0,1
BRDA:75,13,0,1
BRDA:13,14,0,4
BRDA:17,15,0,1
BRDA:18,16,0,3
BRDA:24,17,0,6
BRDA:59,18,0,1
BRF:19
BRH:18
end_of_record
TN:
SF:src\pages\GoalsPage.tsx
FN:12,GoalsPage
FN:38,handleSelect
FN:73,onSelect
FNF:3
FNH:3
FNDA:13,GoalsPage
FNDA:1,handleSelect
FNDA:1,onSelect
DA:1,1
DA:2,1
DA:3,1
DA:4,1
DA:5,1
DA:6,1
DA:7,1
DA:8,1
DA:9,1
DA:12,1
DA:13,13
DA:14,13
DA:16,13
DA:17,13
DA:18,13
DA:19,13
DA:21,13
DA:22,6
DA:23,6
DA:24,6
DA:25,6
DA:26,3
DA:27,6
DA:28,2
DA:29,6
DA:30,5
DA:31,5
DA:32,13
DA:34,13
DA:35,6
DA:36,13
DA:38,13
DA:39,1
DA:40,1
DA:41,1
DA:42,1
DA:43,1
DA:44,0
DA:45,1
DA:46,1
DA:47,1
DA:48,1
DA:50,13
DA:51,13
DA:52,5
DA:53,5
DA:54,1
DA:55,1
DA:56,1
DA:57,1
DA:60,4
DA:61,4
DA:62,4
DA:63,4
DA:64,4
DA:66,4
DA:67,4
DA:68,4
DA:69,4
DA:70,8
DA:71,8
DA:72,8
DA:73,8
DA:74,8
DA:75,8
DA:76,4
DA:77,4
DA:78,4
DA:80,4
LF:69
LH:68
BRDA:12,0,0,13
BRDA:50,1,0,6
BRDA:50,2,0,7
BRDA:51,3,0,2
BRDA:51,4,0,5
BRDA:53,5,0,1
BRDA:57,6,0,4
BRDA:21,7,0,6
BRDA:25,8,0,3
BRDA:27,9,0,2
BRDA:29,10,0,5
BRDA:34,11,0,6
BRDA:38,12,0,1
BRDA:43,13,0,0
BRDA:69,14,0,8
BRDA:73,15,0,1
BRF:16
BRH:15
end_of_record
TN:
SF:src\pages\LearningPathPage.tsx
FN:12,Section
FN:36,LearningPathPage
FN:61,handleMark
FN:108,children
FN:111,onMarkKnown
FN:118,children
FN:122,children
FN:125,onUnmarkKnown
FNF:8
FNH:7
FNDA:27,Section
FNDA:23,LearningPathPage
FNDA:1,handleMark
FNDA:7,children
FNDA:1,onMarkKnown
FNDA:8,children
FNDA:12,children
FNDA:0,onUnmarkKnown
DA:1,1
DA:2,1
DA:3,1
DA:4,1
DA:5,1
DA:6,1
DA:7,1
DA:8,1
DA:9,1
DA:12,27
DA:13,27
DA:14,27
DA:15,27
DA:16,27
DA:20,27
DA:21,27
DA:22,24
DA:23,24
DA:24,24
DA:25,24
DA:26,24
DA:27,24
DA:28,24
DA:29,27
DA:30,24
DA:31,24
DA:32,24
DA:34,24
DA:36,1
DA:37,23
DA:39,23
DA:40,23
DA:41,23
DA:42,23
DA:44,23
DA:45,12
DA:46,12
DA:47,12
DA:48,12
DA:49,8
DA:50,12
DA:51,3
DA:52,12
DA:53,11
DA:54,11
DA:55,23
DA:57,23
DA:58,10
DA:59,23
DA:61,23
DA:62,1
DA:63,1
DA:64,1
DA:65,1
DA:66,1
DA:67,0
DA:68,0
DA:69,1
DA:70,1
DA:71,0
DA:72,1
DA:73,1
DA:74,1
DA:75,1
DA:77,23
DA:78,23
DA:79,9
DA:80,9
DA:81,0
DA:82,0
DA:83,0
DA:84,0
DA:87,9
DA:88,9
DA:89,9
DA:90,9
DA:91,9
DA:93,23
DA:94,23
DA:95,23
DA:96,23
DA:97,23
DA:98,23
DA:99,23
DA:101,23
DA:102,1
DA:104,1
DA:107,23
DA:108,23
DA:109,7
DA:110,7
DA:111,7
DA:112,7
DA:113,7
DA:115,23
DA:117,23
DA:118,23
DA:119,23
DA:121,23
DA:122,23
DA:123,12
DA:124,12
DA:125,12
DA:126,12
DA:127,12
DA:129,23
DA:130,23
DA:132,23
LF:108
LH:101
BRDA:12,0,0,27
BRDA:21,1,0,3
BRDA:21,2,0,24
BRDA:28,3,0,27
BRDA:36,4,0,23
BRDA:77,5,0,11
BRDA:77,6,0,12
BRDA:78,7,0,3
BRDA:78,8,0,9
BRDA:80,9,0,0
BRDA:84,10,0,9
BRDA:101,11,0,1
BRDA:44,12,0,12
BRDA:48,13,0,8
BRDA:50,14,0,3
BRDA:52,15,0,11
BRDA:57,16,0,10
BRDA:61,17,0,1
BRDA:66,18,0,0
BRDA:70,19,0,0
BRDA:88,20,0,27
BRDA:89,21,0,27
BRDA:90,22,0,27
BRDA:108,23,0,7
BRDA:111,24,0,1
BRDA:118,25,0,8
BRDA:122,26,0,12
BRF:27
BRH:24
end_of_record
TN:
SF:src\pages\TopicsPage.tsx
FN:11,TopicsPage
FN:36,handleUnmark
FN:83,onClick
FNF:3
FNH:3
FNDA:11,TopicsPage
FNDA:1,handleUnmark
FNDA:1,onClick
DA:1,1
DA:2,1
DA:3,1
DA:4,1
DA:5,1
DA:6,1
DA:7,1
DA:8,1
DA:11,1
DA:12,11
DA:14,11
DA:15,11
DA:16,11
DA:17,11
DA:19,11
DA:20,6
DA:21,6
DA:22,6
DA:23,6
DA:24,4
DA:25,6
DA:26,1
DA:27,6
DA:28,5
DA:29,5
DA:30,11
DA:32,11
DA:33,5
DA:34,11
DA:36,11
DA:37,1
DA:38,1
DA:39,1
DA:40,1
DA:41,1
DA:42,0
DA:43,1
DA:44,1
DA:45,1
DA:46,1
DA:48,11
DA:49,11
DA:51,5
DA:53,5
DA:54,5
DA:55,1
DA:56,1
DA:57,1
DA:58,1
DA:61,4
DA:62,4
DA:63,4
DA:64,4
DA:65,4
DA:66,11
DA:67,11
DA:68,11
DA:70,11
DA:71,11
DA:72,4
DA:73,4
DA:74,4
DA:76,4
DA:77,4
DA:78,4
DA:79,4
DA:80,4
DA:81,4
DA:82,4
DA:83,4
DA:84,4
DA:85,4
DA:87,4
DA:89,4
DA:90,4
DA:91,4
DA:92,11
DA:93,11
DA:94,11
DA:96,11
LF:80
LH:79
BRDA:11,0,0,11
BRDA:48,1,0,5
BRDA:48,2,0,6
BRDA:49,3,0,1
BRDA:49,4,0,5
BRDA:54,5,0,1
BRDA:58,6,0,4
BRDA:66,7,0,0
BRDA:66,8,0,4
BRDA:19,9,0,6
BRDA:23,10,0,4
BRDA:25,11,0,1
BRDA:27,12,0,5
BRDA:32,13,0,5
BRDA:36,14,0,1
BRDA:41,15,0,0
BRDA:51,16,0,15
BRDA:71,17,0,4
BRDA:89,18,0,1
BRDA:89,19,0,3
BRDA:83,20,0,1
BRF:21
BRH:19
end_of_record
