TN:
SF:src\app.ts
FN:12,(anonymous_0)
FNF:1
FNH:0
FNDA:0,(anonymous_0)
DA:7,2
DA:9,2
DA:10,2
DA:12,2
DA:13,0
DA:16,2
DA:17,2
DA:19,2
DA:20,2
LF:9
LH:8
BRF:0
BRH:0
end_of_record
TN:
SF:src\config\database.ts
FN:10,(anonymous_0)
FNF:1
FNH:0
FNDA:0,(anonymous_0)
DA:4,0
DA:10,0
DA:11,0
DA:12,0
DA:13,0
DA:15,0
DA:16,0
DA:17,0
LF:8
LH:0
BRF:0
BRH:0
end_of_record
TN:
SF:src\controllers\goal.controller.ts
FN:4,(anonymous_0)
FNF:1
FNH:1
FNDA:3,(anonymous_0)
DA:4,2
DA:9,3
DA:10,3
DA:11,2
DA:13,1
LF:5
LH:5
BRF:0
BRH:0
end_of_record
TN:
SF:src\controllers\learning-path.controller.ts
FN:7,(anonymous_0)
FN:21,(anonymous_1)
FNF:2
FNH:2
FNDA:3,(anonymous_0)
FNDA:2,(anonymous_1)
DA:7,2
DA:12,3
DA:13,3
DA:14,3
DA:15,1
DA:17,2
DA:21,2
DA:26,2
DA:27,2
DA:28,2
DA:29,2
DA:30,1
DA:32,1
LF:13
LH:13
BRF:0
BRH:0
end_of_record
TN:
SF:src\controllers\topic.controller.ts
FN:7,(anonymous_0)
FN:22,(anonymous_1)
FNF:2
FNH:2
FNDA:2,(anonymous_0)
FNDA:2,(anonymous_1)
DA:7,2
DA:12,2
DA:13,2
DA:14,2
DA:15,2
DA:16,1
DA:18,1
DA:22,2
DA:27,2
DA:28,2
DA:29,2
DA:30,2
DA:31,1
DA:33,1
LF:14
LH:14
BRF:0
BRH:0
end_of_record
TN:
SF:src\errors\AppError.ts
FN:2,constructor
FN:13,constructor_2
FN:19,constructor_3
FNF:3
FNH:3
FNDA:7,constructor
FNDA:6,constructor_2
FNDA:1,constructor_3
DA:3,7
DA:6,7
DA:7,7
DA:8,7
DA:14,6
DA:20,1
LF:6
LH:6
BRDA:13,0,0,6
BRF:1
BRH:1
end_of_record
TN:
SF:src\middleware\errorHandler.ts
FN:4,(anonymous_0)
FN:18,(anonymous_1)
FNF:2
FNH:1
FNDA:7,(anonymous_0)
FNDA:0,(anonymous_1)
DA:4,2
DA:10,7
DA:11,4
DA:12,4
DA:14,3
DA:15,3
DA:18,2
DA:19,0
LF:8
LH:7
BRDA:10,0,0,4
BRDA:10,0,1,3
BRF:2
BRH:2
end_of_record
TN:
SF:src\middleware\validate.ts
FN:5,(anonymous_0)
FN:6,(anonymous_1)
FN:10,(anonymous_2)
FN:18,(anonymous_3)
FN:19,(anonymous_4)
FN:23,(anonymous_5)
FNF:6
FNH:5
FNDA:2,(anonymous_0)
FNDA:3,(anonymous_1)
FNDA:1,(anonymous_2)
FNDA:8,(anonymous_3)
FNDA:10,(anonymous_4)
FNDA:0,(anonymous_5)
DA:5,2
DA:6,2
DA:8,3
DA:9,3
DA:10,1
DA:11,1
DA:12,1
DA:14,2
DA:15,2
DA:18,2
DA:19,8
DA:21,10
DA:22,10
DA:23,0
DA:24,0
DA:25,0
DA:27,10
LF:17
LH:14
BRDA:9,0,0,1
BRDA:9,0,1,2
BRDA:22,1,0,0
BRDA:22,1,1,10
BRF:4
BRH:3
end_of_record
TN:
SF:src\repositories\goal.repository.ts
FN:3,(anonymous_0)
FN:13,(anonymous_1)
FNF:2
FNH:2
FNDA:3,(anonymous_0)
FNDA:1,(anonymous_1)
DA:3,2
DA:4,3
DA:6,3
DA:7,3
DA:13,2
DA:14,1
DA:16,1
DA:23,3
LF:8
LH:8
BRF:0
BRH:0
end_of_record
TN:
SF:src\repositories\learning-path.repository.ts
FN:4,(anonymous_0)
FN:23,(anonymous_1)
FN:30,(anonymous_2)
FN:40,(anonymous_3)
FN:58,(anonymous_4)
FN:71,(anonymous_5)
FN:91,(anonymous_6)
FN:107,(anonymous_7)
FNF:8
FNH:8
FNDA:3,(anonymous_0)
FNDA:2,(anonymous_1)
FNDA:2,(anonymous_2)
FNDA:2,(anonymous_3)
FNDA:1,(anonymous_4)
FNDA:2,(anonymous_5)
FNDA:1,(anonymous_6)
FNDA:2,(anonymous_7)
DA:4,2
DA:5,3
DA:6,3
DA:7,3
DA:11,2
DA:12,1
DA:13,1
DA:19,3
DA:23,2
DA:24,2
DA:25,2
DA:26,2
DA:30,2
DA:31,2
DA:32,2
DA:35,2
DA:40,2
DA:41,2
DA:42,2
DA:43,2
DA:58,2
DA:67,2
DA:71,2
DA:75,2
DA:76,2
DA:77,2
DA:83,2
DA:84,1
DA:87,2
DA:91,2
DA:95,1
DA:96,1
DA:97,1
DA:103,1
DA:107,2
DA:111,2
DA:112,2
DA:113,2
DA:122,2
DA:123,1
DA:124,1
DA:130,2
LF:42
LH:42
BRDA:11,0,0,1
BRDA:11,0,1,1
BRDA:83,1,0,1
BRDA:83,1,1,1
BRDA:122,2,0,1
BRDA:122,2,1,1
BRF:6
BRH:6
end_of_record
TN:
SF:src\routes\goal.routes.ts
FNF:0
FNH:0
DA:4,2
DA:6,2
LF:2
LH:2
BRF:0
BRH:0
end_of_record
TN:
SF:src\routes\learning-path.routes.ts
FNF:0
FNH:0
DA:13,2
DA:15,2
DA:16,2
DA:20,2
DA:24,2
DA:30,2
DA:37,2
DA:43,2
LF:8
LH:8
BRF:0
BRH:0
end_of_record
TN:
SF:src\services\goal.service.ts
FN:3,(anonymous_0)
FNF:1
FNH:1
FNDA:3,(anonymous_0)
DA:3,2
DA:4,3
LF:2
LH:2
BRF:0
BRH:0
end_of_record
TN:
SF:src\services\learning-path.service.ts
FN:12,(anonymous_0)
FN:23,(anonymous_1)
FN:25,(anonymous_2)
FN:27,(anonymous_3)
FN:36,(anonymous_4)
FN:45,(anonymous_5)
FN:54,(anonymous_6)
FN:68,(anonymous_7)
FN:75,(anonymous_8)
FNF:9
FNH:9
FNDA:7,(anonymous_0)
FNDA:4,(anonymous_1)
FNDA:10,(anonymous_2)
FNDA:5,(anonymous_3)
FNDA:5,(anonymous_4)
FNDA:10,(anonymous_5)
FNDA:3,(anonymous_6)
FNDA:1,(anonymous_7)
FNDA:2,(anonymous_8)
DA:12,2
DA:13,7
DA:14,7
DA:15,1
DA:18,6
DA:23,6
DA:25,6
DA:26,10
DA:27,10
DA:34,10
DA:35,3
DA:36,7
DA:37,5
DA:39,2
DA:42,10
DA:45,10
DA:47,6
DA:54,2
DA:58,3
DA:59,3
DA:61,2
DA:62,1
DA:64,1
DA:68,2
DA:72,1
DA:75,2
DA:79,2
DA:80,2
DA:81,1
DA:83,1
LF:30
LH:30
BRDA:14,0,0,1
BRDA:14,0,1,6
BRDA:34,1,0,3
BRDA:34,1,1,7
BRDA:36,2,0,5
BRDA:36,2,1,2
BRDA:61,3,0,1
BRDA:61,3,1,1
BRDA:61,4,0,2
BRDA:61,4,1,2
BRDA:80,5,0,1
BRDA:80,5,1,1
BRF:12
BRH:12
end_of_record
TN:
SF:src\types\index.ts
FNF:0
FNH:0
LF:0
LH:0
BRF:0
BRH:0
end_of_record
